<?xml version="1.0" encoding="UTF-8"?>
<!-- Generated by org.testng.reporters.JUnitXMLReporter -->
<testsuite hostname="ajitbiswas-laptop" ignored="0" name="Test" tests="1" failures="1" timestamp="08 Apr 2018 11:19:14 GMT" time="33.021" errors="0">
  <testcase name="testCreateCustomer" time="10.423" classname="com.logiceinvoice.scripts.TestCreateCustomer">
    <failure type="java.lang.AssertionError" message="null">
      <![CDATA[java.lang.AssertionError: null
	at com.logiceinvoice.scripts.TestCreateCustomer.testCreateCustomer(TestCreateCustomer.java:48)
... Removed 31 stack frames]]>
    </failure>
  </testcase> <!-- testCreateCustomer -->
</testsuite> <!-- Test -->
