<?xml version="1.0" encoding="UTF-8"?>
<testng-results skipped="0" failed="0" ignored="0" total="1" passed="1">
  <reporter-output>
  </reporter-output>
  <suite name="Default suite" duration-ms="16090" started-at="2018-04-01T11:00:58Z" finished-at="2018-04-01T11:01:14Z">
    <groups>
    </groups>
    <test name="Default test" duration-ms="16090" started-at="2018-04-01T11:00:58Z" finished-at="2018-04-01T11:01:14Z">
      <class name="com.logiceinvoice.scripts.TestLogin">
        <test-method status="PASS" signature="openApplication()[pri:0, instance:com.logiceinvoice.scripts.TestLogin@2a5ca609]" name="openApplication" is-config="true" duration-ms="13121" started-at="2018-04-01T16:30:58Z" finished-at="2018-04-01T16:31:11Z">
          <reporter-output>
          </reporter-output>
        </test-method> <!-- openApplication -->
        <test-method status="PASS" signature="testLogin()[pri:0, instance:com.logiceinvoice.scripts.TestLogin@2a5ca609]" name="testLogin" duration-ms="2633" started-at="2018-04-01T16:31:11Z" finished-at="2018-04-01T16:31:13Z">
          <reporter-output>
          </reporter-output>
        </test-method> <!-- testLogin -->
        <test-method status="PASS" signature="closeApplication()[pri:0, instance:com.logiceinvoice.scripts.TestLogin@2a5ca609]" name="closeApplication" is-config="true" duration-ms="298" started-at="2018-04-01T16:31:13Z" finished-at="2018-04-01T16:31:14Z">
          <reporter-output>
          </reporter-output>
        </test-method> <!-- closeApplication -->
      </class> <!-- com.logiceinvoice.scripts.TestLogin -->
    </test> <!-- Default test -->
  </suite> <!-- Default suite -->
</testng-results>
